Determining if the pthread_create exist failed with the following output:
Change Dir: /home/workspace/catkin_ws/build/CMakeFiles/CMakeTmp

Run Build Command:"/usr/bin/make" "cmTC_90bc2/fast"
/usr/bin/make -f CMakeFiles/cmTC_90bc2.dir/build.make CMakeFiles/cmTC_90bc2.dir/build
make[1]: Entering directory '/home/workspace/catkin_ws/build/CMakeFiles/CMakeTmp'
Building C object CMakeFiles/cmTC_90bc2.dir/CheckSymbolExists.c.o
/usr/bin/cc     -o CMakeFiles/cmTC_90bc2.dir/CheckSymbolExists.c.o   -c /home/workspace/catkin_ws/build/CMakeFiles/CMakeTmp/CheckSymbolExists.c
Linking C executable cmTC_90bc2
/usr/bin/cmake -E cmake_link_script CMakeFiles/cmTC_90bc2.dir/link.txt --verbose=1
/usr/bin/cc       CMakeFiles/cmTC_90bc2.dir/CheckSymbolExists.c.o  -o cmTC_90bc2 -rdynamic 
CMakeFiles/cmTC_90bc2.dir/CheckSymbolExists.c.o: In function `main':
CheckSymbolExists.c:(.text+0x16): undefined reference to `pthread_create'
collect2: error: ld returned 1 exit status
CMakeFiles/cmTC_90bc2.dir/build.make:97: recipe for target 'cmTC_90bc2' failed
make[1]: *** [cmTC_90bc2] Error 1
make[1]: Leaving directory '/home/workspace/catkin_ws/build/CMakeFiles/CMakeTmp'
Makefile:126: recipe for target 'cmTC_90bc2/fast' failed
make: *** [cmTC_90bc2/fast] Error 2

File /home/workspace/catkin_ws/build/CMakeFiles/CMakeTmp/CheckSymbolExists.c:
/* */
#include <pthread.h>

int main(int argc, char** argv)
{
  (void)argv;
#ifndef pthread_create
  return ((int*)(&pthread_create))[argc];
#else
  (void)argc;
  return 0;
#endif
}

Determining if the function pthread_create exists in the pthreads failed with the following output:
Change Dir: /home/workspace/catkin_ws/build/CMakeFiles/CMakeTmp

Run Build Command:"/usr/bin/make" "cmTC_c8b69/fast"
/usr/bin/make -f CMakeFiles/cmTC_c8b69.dir/build.make CMakeFiles/cmTC_c8b69.dir/build
make[1]: Entering directory '/home/workspace/catkin_ws/build/CMakeFiles/CMakeTmp'
Building C object CMakeFiles/cmTC_c8b69.dir/CheckFunctionExists.c.o
/usr/bin/cc    -DCHECK_FUNCTION_EXISTS=pthread_create   -o CMakeFiles/cmTC_c8b69.dir/CheckFunctionExists.c.o   -c /usr/share/cmake-3.5/Modules/CheckFunctionExists.c
Linking C executable cmTC_c8b69
/usr/bin/cmake -E cmake_link_script CMakeFiles/cmTC_c8b69.dir/link.txt --verbose=1
/usr/bin/cc   -DCHECK_FUNCTION_EXISTS=pthread_create    CMakeFiles/cmTC_c8b69.dir/CheckFunctionExists.c.o  -o cmTC_c8b69 -rdynamic -lpthreads 
/usr/bin/ld: cannot find -lpthreads
collect2: error: ld returned 1 exit status
CMakeFiles/cmTC_c8b69.dir/build.make:97: recipe for target 'cmTC_c8b69' failed
make[1]: *** [cmTC_c8b69] Error 1
make[1]: Leaving directory '/home/workspace/catkin_ws/build/CMakeFiles/CMakeTmp'
Makefile:126: recipe for target 'cmTC_c8b69/fast' failed
make: *** [cmTC_c8b69/fast] Error 2


